2020-06-16 14:56:43.898  WARN 16960 --- [restartedMain] c.d.r.filter.FilterSecurityInterceptor   : Could not validate configuration attributes as the SecurityMetadataSource did not return any attributes from getAllConfigAttributes()
2020-06-16 14:56:44.272  WARN 16960 --- [restartedMain] org.thymeleaf.templatemode.TemplateMode  : [THYMELEAF][restartedMain] Template Mode 'HTML5' is deprecated. Using Template Mode 'HTML' instead.
2020-06-16 15:05:18.853  WARN 16960 --- [restartedMain] c.d.r.filter.FilterSecurityInterceptor   : Could not validate configuration attributes as the SecurityMetadataSource did not return any attributes from getAllConfigAttributes()
2020-06-16 15:05:52.606  WARN 7684 --- [restartedMain] c.d.r.filter.FilterSecurityInterceptor   : Could not validate configuration attributes as the SecurityMetadataSource did not return any attributes from getAllConfigAttributes()
2020-06-16 15:06:50.028  WARN 16948 --- [restartedMain] c.d.r.filter.FilterSecurityInterceptor   : Could not validate configuration attributes as the SecurityMetadataSource did not return any attributes from getAllConfigAttributes()
2020-06-16 15:08:19.086  WARN 12852 --- [restartedMain] c.d.r.filter.FilterSecurityInterceptor   : Could not validate configuration attributes as the SecurityMetadataSource did not return any attributes from getAllConfigAttributes()
2020-06-16 15:10:49.566  WARN 12852 --- [restartedMain] c.d.r.filter.FilterSecurityInterceptor   : Could not validate configuration attributes as the SecurityMetadataSource did not return any attributes from getAllConfigAttributes()
2020-06-16 15:11:50.672  WARN 3496 --- [restartedMain] c.d.r.filter.FilterSecurityInterceptor   : Could not validate configuration attributes as the SecurityMetadataSource did not return any attributes from getAllConfigAttributes()
2020-06-16 15:12:00.122  WARN 3496 --- [https-jsse-nio-443-exec-8] o.s.web.servlet.PageNotFound             : No mapping for GET /index.html
2020-06-16 15:12:04.150  WARN 3496 --- [https-jsse-nio-443-exec-2] o.s.web.servlet.PageNotFound             : No mapping for GET /index.html
2020-06-16 15:14:25.110  WARN 7208 --- [restartedMain] c.d.r.filter.FilterSecurityInterceptor   : Could not validate configuration attributes as the SecurityMetadataSource did not return any attributes from getAllConfigAttributes()
2020-06-16 15:14:31.361  WARN 7208 --- [https-jsse-nio-443-exec-8] o.s.web.servlet.PageNotFound             : No mapping for GET /index.html
2020-06-16 15:14:35.634  WARN 7208 --- [https-jsse-nio-443-exec-1] o.s.web.servlet.PageNotFound             : No mapping for GET /index.html
2020-06-16 15:14:41.333  WARN 7208 --- [https-jsse-nio-443-exec-8] o.s.web.servlet.PageNotFound             : No mapping for GET /index.html
2020-06-16 15:15:43.891  WARN 17404 --- [restartedMain] c.d.r.filter.FilterSecurityInterceptor   : Could not validate configuration attributes as the SecurityMetadataSource did not return any attributes from getAllConfigAttributes()
2020-06-16 15:16:08.249  WARN 4836 --- [restartedMain] c.d.r.filter.FilterSecurityInterceptor   : Could not validate configuration attributes as the SecurityMetadataSource did not return any attributes from getAllConfigAttributes()
2020-06-16 15:33:45.131  WARN 4836 --- [restartedMain] c.d.r.filter.FilterSecurityInterceptor   : Could not validate configuration attributes as the SecurityMetadataSource did not return any attributes from getAllConfigAttributes()
2020-06-16 15:36:08.504  WARN 4836 --- [restartedMain] c.d.r.filter.FilterSecurityInterceptor   : Could not validate configuration attributes as the SecurityMetadataSource did not return any attributes from getAllConfigAttributes()
2020-06-16 15:36:43.287  WARN 4836 --- [restartedMain] c.d.r.filter.FilterSecurityInterceptor   : Could not validate configuration attributes as the SecurityMetadataSource did not return any attributes from getAllConfigAttributes()
2020-06-16 15:36:52.906  WARN 4836 --- [restartedMain] c.d.r.filter.FilterSecurityInterceptor   : Could not validate configuration attributes as the SecurityMetadataSource did not return any attributes from getAllConfigAttributes()
2020-06-16 15:37:49.185  WARN 9832 --- [restartedMain] c.d.r.filter.FilterSecurityInterceptor   : Could not validate configuration attributes as the SecurityMetadataSource did not return any attributes from getAllConfigAttributes()
2020-06-16 15:39:38.902  WARN 12192 --- [restartedMain] c.d.r.filter.FilterSecurityInterceptor   : Could not validate configuration attributes as the SecurityMetadataSource did not return any attributes from getAllConfigAttributes()
2020-06-16 15:48:28.088  WARN 18092 --- [restartedMain] c.d.r.filter.FilterSecurityInterceptor   : Could not validate configuration attributes as the SecurityMetadataSource did not return any attributes from getAllConfigAttributes()
2020-06-16 15:49:07.576  WARN 4580 --- [restartedMain] c.d.r.filter.FilterSecurityInterceptor   : Could not validate configuration attributes as the SecurityMetadataSource did not return any attributes from getAllConfigAttributes()
2020-06-16 15:50:34.327  WARN 4580 --- [restartedMain] c.d.r.filter.FilterSecurityInterceptor   : Could not validate configuration attributes as the SecurityMetadataSource did not return any attributes from getAllConfigAttributes()
2020-06-16 15:50:34.377  WARN 4580 --- [restartedMain] ConfigServletWebServerApplicationContext : Exception encountered during context initialization - cancelling refresh attempt: org.springframework.beans.factory.UnsatisfiedDependencyException: Error creating bean with name 'blogController': Unsatisfied dependency expressed through field 'thymeleafService'; nested exception is org.springframework.beans.factory.NoSuchBeanDefinitionException: No qualifying bean of type 'com.dmatek.record.services.ThymeleafService' available: expected at least 1 bean which qualifies as autowire candidate. Dependency annotations: {@org.springframework.beans.factory.annotation.Autowired(required=true)}
2020-06-16 15:50:34.748  WARN 4580 --- [restartedMain] o.s.boot.SpringApplication               : Unable to close ApplicationContext

org.springframework.beans.factory.BeanCreationException: Error creating bean with name 'delegatingApplicationListener' defined in class path resource [org/springframework/security/config/annotation/web/configuration/WebSecurityConfiguration.class]: Initialization of bean failed; nested exception is org.springframework.beans.factory.BeanCreationException: Error creating bean with name 'org.springframework.transaction.annotation.ProxyTransactionManagementConfiguration': Initialization of bean failed; nested exception is org.springframework.beans.factory.NoSuchBeanDefinitionException: No bean named 'org.springframework.context.annotation.ConfigurationClassPostProcessor.importRegistry' available
	at org.springframework.beans.factory.support.AbstractAutowireCapableBeanFactory.doCreateBean(AbstractAutowireCapableBeanFactory.java:603)
	at org.springframework.beans.factory.support.AbstractAutowireCapableBeanFactory.createBean(AbstractAutowireCapableBeanFactory.java:517)
	at org.springframework.beans.factory.support.AbstractBeanFactory.lambda$doGetBean$0(AbstractBeanFactory.java:323)
	at org.springframework.beans.factory.support.DefaultSingletonBeanRegistry.getSingleton(DefaultSingletonBeanRegistry.java:226)
	at org.springframework.beans.factory.support.AbstractBeanFactory.doGetBean(AbstractBeanFactory.java:321)
	at org.springframework.beans.factory.support.AbstractBeanFactory.getBean(AbstractBeanFactory.java:207)
	at org.springframework.context.event.AbstractApplicationEventMulticaster.retrieveApplicationListeners(AbstractApplicationEventMulticaster.java:245)
	at org.springframework.context.event.AbstractApplicationEventMulticaster.getApplicationListeners(AbstractApplicationEventMulticaster.java:197)
	at org.springframework.context.event.SimpleApplicationEventMulticaster.multicastEvent(SimpleApplicationEventMulticaster.java:134)
	at org.springframework.context.support.AbstractApplicationContext.publishEvent(AbstractApplicationContext.java:403)
	at org.springframework.context.support.AbstractApplicationContext.publishEvent(AbstractApplicationContext.java:360)
	at org.springframework.boot.availability.AvailabilityChangeEvent.publish(AvailabilityChangeEvent.java:81)
	at org.springframework.boot.availability.AvailabilityChangeEvent.publish(AvailabilityChangeEvent.java:67)
	at org.springframework.boot.web.servlet.context.ServletWebServerApplicationContext.doClose(ServletWebServerApplicationContext.java:167)
	at org.springframework.context.support.AbstractApplicationContext.close(AbstractApplicationContext.java:978)
	at org.springframework.boot.SpringApplication.handleRunFailure(SpringApplication.java:814)
	at org.springframework.boot.SpringApplication.run(SpringApplication.java:325)
	at org.springframework.boot.SpringApplication.run(SpringApplication.java:1237)
	at org.springframework.boot.SpringApplication.run(SpringApplication.java:1226)
	at com.dmatek.record.RecordApplication.main(RecordApplication.java:22)
	at sun.reflect.NativeMethodAccessorImpl.invoke0(Native Method)
	at sun.reflect.NativeMethodAccessorImpl.invoke(NativeMethodAccessorImpl.java:62)
	at sun.reflect.DelegatingMethodAccessorImpl.invoke(DelegatingMethodAccessorImpl.java:43)
	at java.lang.reflect.Method.invoke(Method.java:498)
	at org.springframework.boot.devtools.restart.RestartLauncher.run(RestartLauncher.java:49)
Caused by: org.springframework.beans.factory.BeanCreationException: Error creating bean with name 'org.springframework.transaction.annotation.ProxyTransactionManagementConfiguration': Initialization of bean failed; nested exception is org.springframework.beans.factory.NoSuchBeanDefinitionException: No bean named 'org.springframework.context.annotation.ConfigurationClassPostProcessor.importRegistry' available
	at org.springframework.beans.factory.support.AbstractAutowireCapableBeanFactory.doCreateBean(AbstractAutowireCapableBeanFactory.java:603)
	at org.springframework.beans.factory.support.AbstractAutowireCapableBeanFactory.createBean(AbstractAutowireCapableBeanFactory.java:517)
	at org.springframework.beans.factory.support.AbstractBeanFactory.lambda$doGetBean$0(AbstractBeanFactory.java:323)
	at org.springframework.beans.factory.support.DefaultSingletonBeanRegistry.getSingleton(DefaultSingletonBeanRegistry.java:226)
	at org.springframework.beans.factory.support.AbstractBeanFactory.doGetBean(AbstractBeanFactory.java:321)
	at org.springframework.beans.factory.support.AbstractBeanFactory.getBean(AbstractBeanFactory.java:202)
	at org.springframework.beans.factory.support.ConstructorResolver.instantiateUsingFactoryMethod(ConstructorResolver.java:409)
	at org.springframework.beans.factory.support.AbstractAutowireCapableBeanFactory.instantiateUsingFactoryMethod(AbstractAutowireCapableBeanFactory.java:1338)
	at org.springframework.beans.factory.support.AbstractAutowireCapableBeanFactory.createBeanInstance(AbstractAutowireCapableBeanFactory.java:1177)
	at org.springframework.beans.factory.support.AbstractAutowireCapableBeanFactory.doCreateBean(AbstractAutowireCapableBeanFactory.java:557)
	at org.springframework.beans.factory.support.AbstractAutowireCapableBeanFactory.createBean(AbstractAutowireCapableBeanFactory.java:517)
	at org.springframework.beans.factory.support.AbstractBeanFactory.lambda$doGetBean$0(AbstractBeanFactory.java:323)
	at org.springframework.beans.factory.support.DefaultSingletonBeanRegistry.getSingleton(DefaultSingletonBeanRegistry.java:226)
	at org.springframework.beans.factory.support.AbstractBeanFactory.doGetBean(AbstractBeanFactory.java:321)
	at org.springframework.beans.factory.support.AbstractBeanFactory.getBean(AbstractBeanFactory.java:207)
	at org.springframework.aop.framework.autoproxy.BeanFactoryAdvisorRetrievalHelper.findAdvisorBeans(BeanFactoryAdvisorRetrievalHelper.java:91)
	at org.springframework.aop.framework.autoproxy.AbstractAdvisorAutoProxyCreator.findCandidateAdvisors(AbstractAdvisorAutoProxyCreator.java:109)
	at org.springframework.aop.framework.autoproxy.AbstractAdvisorAutoProxyCreator.findEligibleAdvisors(AbstractAdvisorAutoProxyCreator.java:94)
	at org.springframework.aop.framework.autoproxy.AbstractAdvisorAutoProxyCreator.getAdvicesAndAdvisorsForBean(AbstractAdvisorAutoProxyCreator.java:76)
	at org.springframework.aop.framework.autoproxy.AbstractAutoProxyCreator.wrapIfNecessary(AbstractAutoProxyCreator.java:347)
	at org.springframework.aop.framework.autoproxy.AbstractAutoProxyCreator.postProcessAfterInitialization(AbstractAutoProxyCreator.java:299)
	at org.springframework.beans.factory.support.AbstractAutowireCapableBeanFactory.applyBeanPostProcessorsAfterInitialization(AbstractAutowireCapableBeanFactory.java:431)
	at org.springframework.beans.factory.support.AbstractAutowireCapableBeanFactory.initializeBean(AbstractAutowireCapableBeanFactory.java:1800)
	at org.springframework.beans.factory.support.AbstractAutowireCapableBeanFactory.doCreateBean(AbstractAutowireCapableBeanFactory.java:595)
	... 24 common frames omitted
Caused by: org.springframework.beans.factory.NoSuchBeanDefinitionException: No bean named 'org.springframework.context.annotation.ConfigurationClassPostProcessor.importRegistry' available
	at org.springframework.beans.factory.support.DefaultListableBeanFactory.getBeanDefinition(DefaultListableBeanFactory.java:814)
	at org.springframework.beans.factory.support.AbstractBeanFactory.getMergedLocalBeanDefinition(AbstractBeanFactory.java:1282)
	at org.springframework.beans.factory.support.AbstractBeanFactory.doGetBean(AbstractBeanFactory.java:297)
	at org.springframework.beans.factory.support.AbstractBeanFactory.getBean(AbstractBeanFactory.java:207)
	at org.springframework.context.annotation.ConfigurationClassPostProcessor$ImportAwareBeanPostProcessor.postProcessBeforeInitialization(ConfigurationClassPostProcessor.java:456)
	at org.springframework.beans.factory.support.AbstractAutowireCapableBeanFactory.applyBeanPostProcessorsBeforeInitialization(AbstractAutowireCapableBeanFactory.java:416)
	at org.springframework.beans.factory.support.AbstractAutowireCapableBeanFactory.initializeBean(AbstractAutowireCapableBeanFactory.java:1788)
	at org.springframework.beans.factory.support.AbstractAutowireCapableBeanFactory.doCreateBean(AbstractAutowireCapableBeanFactory.java:595)
	... 47 common frames omitted

2020-06-16 15:50:41.567  WARN 4580 --- [restartedMain] c.d.r.filter.FilterSecurityInterceptor   : Could not validate configuration attributes as the SecurityMetadataSource did not return any attributes from getAllConfigAttributes()
2020-06-16 15:51:28.857  WARN 4580 --- [restartedMain] c.d.r.filter.FilterSecurityInterceptor   : Could not validate configuration attributes as the SecurityMetadataSource did not return any attributes from getAllConfigAttributes()
2020-06-16 15:51:39.998  WARN 4580 --- [restartedMain] c.d.r.filter.FilterSecurityInterceptor   : Could not validate configuration attributes as the SecurityMetadataSource did not return any attributes from getAllConfigAttributes()
2020-06-16 15:52:26.417  WARN 4580 --- [restartedMain] c.d.r.filter.FilterSecurityInterceptor   : Could not validate configuration attributes as the SecurityMetadataSource did not return any attributes from getAllConfigAttributes()
2020-06-16 15:53:18.738  WARN 4580 --- [restartedMain] c.d.r.filter.FilterSecurityInterceptor   : Could not validate configuration attributes as the SecurityMetadataSource did not return any attributes from getAllConfigAttributes()
2020-06-16 15:53:35.763  WARN 4580 --- [restartedMain] c.d.r.filter.FilterSecurityInterceptor   : Could not validate configuration attributes as the SecurityMetadataSource did not return any attributes from getAllConfigAttributes()
2020-06-16 15:54:12.073  WARN 17608 --- [restartedMain] c.d.r.filter.FilterSecurityInterceptor   : Could not validate configuration attributes as the SecurityMetadataSource did not return any attributes from getAllConfigAttributes()
2020-06-16 15:55:08.190  WARN 18188 --- [restartedMain] c.d.r.filter.FilterSecurityInterceptor   : Could not validate configuration attributes as the SecurityMetadataSource did not return any attributes from getAllConfigAttributes()
2020-06-16 15:56:12.096  WARN 17796 --- [restartedMain] c.d.r.filter.FilterSecurityInterceptor   : Could not validate configuration attributes as the SecurityMetadataSource did not return any attributes from getAllConfigAttributes()
2020-06-16 16:00:18.475  WARN 17796 --- [restartedMain] ConfigServletWebServerApplicationContext : Exception encountered during context initialization - cancelling refresh attempt: org.springframework.beans.factory.BeanDefinitionStoreException: Failed to parse configuration class [com.dmatek.record.RecordApplication]; nested exception is java.io.FileNotFoundException: class path resource [com/dmatek/record/services/ThymeleafService.class] cannot be opened because it does not exist
2020-06-16 16:02:22.931  WARN 17796 --- [restartedMain] c.d.r.filter.FilterSecurityInterceptor   : Could not validate configuration attributes as the SecurityMetadataSource did not return any attributes from getAllConfigAttributes()
2020-06-16 16:02:22.994  WARN 17796 --- [restartedMain] ConfigServletWebServerApplicationContext : Exception encountered during context initialization - cancelling refresh attempt: org.springframework.beans.factory.UnsatisfiedDependencyException: Error creating bean with name 'blogController': Unsatisfied dependency expressed through field 'thymeleafService'; nested exception is org.springframework.beans.factory.NoSuchBeanDefinitionException: No qualifying bean of type 'com.dmatek.record.services.ThymeleafService' available: expected at least 1 bean which qualifies as autowire candidate. Dependency annotations: {@org.springframework.beans.factory.annotation.Autowired(required=true)}
2020-06-16 16:02:23.126  WARN 17796 --- [restartedMain] o.s.boot.SpringApplication               : Unable to close ApplicationContext

org.springframework.beans.factory.BeanCreationException: Error creating bean with name 'delegatingApplicationListener' defined in class path resource [org/springframework/security/config/annotation/web/configuration/WebSecurityConfiguration.class]: Initialization of bean failed; nested exception is org.springframework.beans.factory.BeanCreationException: Error creating bean with name 'org.springframework.transaction.annotation.ProxyTransactionManagementConfiguration': Initialization of bean failed; nested exception is org.springframework.beans.factory.NoSuchBeanDefinitionException: No bean named 'org.springframework.context.annotation.ConfigurationClassPostProcessor.importRegistry' available
	at org.springframework.beans.factory.support.AbstractAutowireCapableBeanFactory.doCreateBean(AbstractAutowireCapableBeanFactory.java:603)
	at org.springframework.beans.factory.support.AbstractAutowireCapableBeanFactory.createBean(AbstractAutowireCapableBeanFactory.java:517)
	at org.springframework.beans.factory.support.AbstractBeanFactory.lambda$doGetBean$0(AbstractBeanFactory.java:323)
	at org.springframework.beans.factory.support.DefaultSingletonBeanRegistry.getSingleton(DefaultSingletonBeanRegistry.java:226)
	at org.springframework.beans.factory.support.AbstractBeanFactory.doGetBean(AbstractBeanFactory.java:321)
	at org.springframework.beans.factory.support.AbstractBeanFactory.getBean(AbstractBeanFactory.java:207)
	at org.springframework.context.event.AbstractApplicationEventMulticaster.retrieveApplicationListeners(AbstractApplicationEventMulticaster.java:245)
	at org.springframework.context.event.AbstractApplicationEventMulticaster.getApplicationListeners(AbstractApplicationEventMulticaster.java:197)
	at org.springframework.context.event.SimpleApplicationEventMulticaster.multicastEvent(SimpleApplicationEventMulticaster.java:134)
	at org.springframework.context.support.AbstractApplicationContext.publishEvent(AbstractApplicationContext.java:403)
	at org.springframework.context.support.AbstractApplicationContext.publishEvent(AbstractApplicationContext.java:360)
	at org.springframework.boot.availability.AvailabilityChangeEvent.publish(AvailabilityChangeEvent.java:81)
	at org.springframework.boot.availability.AvailabilityChangeEvent.publish(AvailabilityChangeEvent.java:67)
	at org.springframework.boot.web.servlet.context.ServletWebServerApplicationContext.doClose(ServletWebServerApplicationContext.java:167)
	at org.springframework.context.support.AbstractApplicationContext.close(AbstractApplicationContext.java:978)
	at org.springframework.boot.SpringApplication.handleRunFailure(SpringApplication.java:814)
	at org.springframework.boot.SpringApplication.run(SpringApplication.java:325)
	at org.springframework.boot.SpringApplication.run(SpringApplication.java:1237)
	at org.springframework.boot.SpringApplication.run(SpringApplication.java:1226)
	at com.dmatek.record.RecordApplication.main(RecordApplication.java:22)
	at sun.reflect.NativeMethodAccessorImpl.invoke0(Native Method)
	at sun.reflect.NativeMethodAccessorImpl.invoke(NativeMethodAccessorImpl.java:62)
	at sun.reflect.DelegatingMethodAccessorImpl.invoke(DelegatingMethodAccessorImpl.java:43)
	at java.lang.reflect.Method.invoke(Method.java:498)
	at org.springframework.boot.devtools.restart.RestartLauncher.run(RestartLauncher.java:49)
Caused by: org.springframework.beans.factory.BeanCreationException: Error creating bean with name 'org.springframework.transaction.annotation.ProxyTransactionManagementConfiguration': Initialization of bean failed; nested exception is org.springframework.beans.factory.NoSuchBeanDefinitionException: No bean named 'org.springframework.context.annotation.ConfigurationClassPostProcessor.importRegistry' available
	at org.springframework.beans.factory.support.AbstractAutowireCapableBeanFactory.doCreateBean(AbstractAutowireCapableBeanFactory.java:603)
	at org.springframework.beans.factory.support.AbstractAutowireCapableBeanFactory.createBean(AbstractAutowireCapableBeanFactory.java:517)
	at org.springframework.beans.factory.support.AbstractBeanFactory.lambda$doGetBean$0(AbstractBeanFactory.java:323)
	at org.springframework.beans.factory.support.DefaultSingletonBeanRegistry.getSingleton(DefaultSingletonBeanRegistry.java:226)
	at org.springframework.beans.factory.support.AbstractBeanFactory.doGetBean(AbstractBeanFactory.java:321)
	at org.springframework.beans.factory.support.AbstractBeanFactory.getBean(AbstractBeanFactory.java:202)
	at org.springframework.beans.factory.support.ConstructorResolver.instantiateUsingFactoryMethod(ConstructorResolver.java:409)
	at org.springframework.beans.factory.support.AbstractAutowireCapableBeanFactory.instantiateUsingFactoryMethod(AbstractAutowireCapableBeanFactory.java:1338)
	at org.springframework.beans.factory.support.AbstractAutowireCapableBeanFactory.createBeanInstance(AbstractAutowireCapableBeanFactory.java:1177)
	at org.springframework.beans.factory.support.AbstractAutowireCapableBeanFactory.doCreateBean(AbstractAutowireCapableBeanFactory.java:557)
	at org.springframework.beans.factory.support.AbstractAutowireCapableBeanFactory.createBean(AbstractAutowireCapableBeanFactory.java:517)
	at org.springframework.beans.factory.support.AbstractBeanFactory.lambda$doGetBean$0(AbstractBeanFactory.java:323)
	at org.springframework.beans.factory.support.DefaultSingletonBeanRegistry.getSingleton(DefaultSingletonBeanRegistry.java:226)
	at org.springframework.beans.factory.support.AbstractBeanFactory.doGetBean(AbstractBeanFactory.java:321)
	at org.springframework.beans.factory.support.AbstractBeanFactory.getBean(AbstractBeanFactory.java:207)
	at org.springframework.aop.framework.autoproxy.BeanFactoryAdvisorRetrievalHelper.findAdvisorBeans(BeanFactoryAdvisorRetrievalHelper.java:91)
	at org.springframework.aop.framework.autoproxy.AbstractAdvisorAutoProxyCreator.findCandidateAdvisors(AbstractAdvisorAutoProxyCreator.java:109)
	at org.springframework.aop.framework.autoproxy.AbstractAdvisorAutoProxyCreator.findEligibleAdvisors(AbstractAdvisorAutoProxyCreator.java:94)
	at org.springframework.aop.framework.autoproxy.AbstractAdvisorAutoProxyCreator.getAdvicesAndAdvisorsForBean(AbstractAdvisorAutoProxyCreator.java:76)
	at org.springframework.aop.framework.autoproxy.AbstractAutoProxyCreator.wrapIfNecessary(AbstractAutoProxyCreator.java:347)
	at org.springframework.aop.framework.autoproxy.AbstractAutoProxyCreator.postProcessAfterInitialization(AbstractAutoProxyCreator.java:299)
	at org.springframework.beans.factory.support.AbstractAutowireCapableBeanFactory.applyBeanPostProcessorsAfterInitialization(AbstractAutowireCapableBeanFactory.java:431)
	at org.springframework.beans.factory.support.AbstractAutowireCapableBeanFactory.initializeBean(AbstractAutowireCapableBeanFactory.java:1800)
	at org.springframework.beans.factory.support.AbstractAutowireCapableBeanFactory.doCreateBean(AbstractAutowireCapableBeanFactory.java:595)
	... 24 common frames omitted
Caused by: org.springframework.beans.factory.NoSuchBeanDefinitionException: No bean named 'org.springframework.context.annotation.ConfigurationClassPostProcessor.importRegistry' available
	at org.springframework.beans.factory.support.DefaultListableBeanFactory.getBeanDefinition(DefaultListableBeanFactory.java:814)
	at org.springframework.beans.factory.support.AbstractBeanFactory.getMergedLocalBeanDefinition(AbstractBeanFactory.java:1282)
	at org.springframework.beans.factory.support.AbstractBeanFactory.doGetBean(AbstractBeanFactory.java:297)
	at org.springframework.beans.factory.support.AbstractBeanFactory.getBean(AbstractBeanFactory.java:207)
	at org.springframework.context.annotation.ConfigurationClassPostProcessor$ImportAwareBeanPostProcessor.postProcessBeforeInitialization(ConfigurationClassPostProcessor.java:456)
	at org.springframework.beans.factory.support.AbstractAutowireCapableBeanFactory.applyBeanPostProcessorsBeforeInitialization(AbstractAutowireCapableBeanFactory.java:416)
	at org.springframework.beans.factory.support.AbstractAutowireCapableBeanFactory.initializeBean(AbstractAutowireCapableBeanFactory.java:1788)
	at org.springframework.beans.factory.support.AbstractAutowireCapableBeanFactory.doCreateBean(AbstractAutowireCapableBeanFactory.java:595)
	... 47 common frames omitted

2020-06-16 16:02:37.791  WARN 17796 --- [restartedMain] c.d.r.filter.FilterSecurityInterceptor   : Could not validate configuration attributes as the SecurityMetadataSource did not return any attributes from getAllConfigAttributes()
2020-06-16 16:02:37.838  WARN 17796 --- [restartedMain] ConfigServletWebServerApplicationContext : Exception encountered during context initialization - cancelling refresh attempt: org.springframework.beans.factory.UnsatisfiedDependencyException: Error creating bean with name 'blogController': Unsatisfied dependency expressed through field 'thymeleafService'; nested exception is org.springframework.beans.factory.NoSuchBeanDefinitionException: No qualifying bean of type 'com.dmatek.record.services.ThymeleafService' available: expected at least 1 bean which qualifies as autowire candidate. Dependency annotations: {@org.springframework.beans.factory.annotation.Autowired(required=true)}
2020-06-16 16:02:37.939  WARN 17796 --- [restartedMain] o.s.boot.SpringApplication               : Unable to close ApplicationContext

org.springframework.beans.factory.BeanCreationException: Error creating bean with name 'delegatingApplicationListener' defined in class path resource [org/springframework/security/config/annotation/web/configuration/WebSecurityConfiguration.class]: Initialization of bean failed; nested exception is org.springframework.beans.factory.BeanCreationException: Error creating bean with name 'org.springframework.transaction.annotation.ProxyTransactionManagementConfiguration': Initialization of bean failed; nested exception is org.springframework.beans.factory.NoSuchBeanDefinitionException: No bean named 'org.springframework.context.annotation.ConfigurationClassPostProcessor.importRegistry' available
	at org.springframework.beans.factory.support.AbstractAutowireCapableBeanFactory.doCreateBean(AbstractAutowireCapableBeanFactory.java:603)
	at org.springframework.beans.factory.support.AbstractAutowireCapableBeanFactory.createBean(AbstractAutowireCapableBeanFactory.java:517)
	at org.springframework.beans.factory.support.AbstractBeanFactory.lambda$doGetBean$0(AbstractBeanFactory.java:323)
	at org.springframework.beans.factory.support.DefaultSingletonBeanRegistry.getSingleton(DefaultSingletonBeanRegistry.java:226)
	at org.springframework.beans.factory.support.AbstractBeanFactory.doGetBean(AbstractBeanFactory.java:321)
	at org.springframework.beans.factory.support.AbstractBeanFactory.getBean(AbstractBeanFactory.java:207)
	at org.springframework.context.event.AbstractApplicationEventMulticaster.retrieveApplicationListeners(AbstractApplicationEventMulticaster.java:245)
	at org.springframework.context.event.AbstractApplicationEventMulticaster.getApplicationListeners(AbstractApplicationEventMulticaster.java:197)
	at org.springframework.context.event.SimpleApplicationEventMulticaster.multicastEvent(SimpleApplicationEventMulticaster.java:134)
	at org.springframework.context.support.AbstractApplicationContext.publishEvent(AbstractApplicationContext.java:403)
	at org.springframework.context.support.AbstractApplicationContext.publishEvent(AbstractApplicationContext.java:360)
	at org.springframework.boot.availability.AvailabilityChangeEvent.publish(AvailabilityChangeEvent.java:81)
	at org.springframework.boot.availability.AvailabilityChangeEvent.publish(AvailabilityChangeEvent.java:67)
	at org.springframework.boot.web.servlet.context.ServletWebServerApplicationContext.doClose(ServletWebServerApplicationContext.java:167)
	at org.springframework.context.support.AbstractApplicationContext.close(AbstractApplicationContext.java:978)
	at org.springframework.boot.SpringApplication.handleRunFailure(SpringApplication.java:814)
	at org.springframework.boot.SpringApplication.run(SpringApplication.java:325)
	at org.springframework.boot.SpringApplication.run(SpringApplication.java:1237)
	at org.springframework.boot.SpringApplication.run(SpringApplication.java:1226)
	at com.dmatek.record.RecordApplication.main(RecordApplication.java:22)
	at sun.reflect.NativeMethodAccessorImpl.invoke0(Native Method)
	at sun.reflect.NativeMethodAccessorImpl.invoke(NativeMethodAccessorImpl.java:62)
	at sun.reflect.DelegatingMethodAccessorImpl.invoke(DelegatingMethodAccessorImpl.java:43)
	at java.lang.reflect.Method.invoke(Method.java:498)
	at org.springframework.boot.devtools.restart.RestartLauncher.run(RestartLauncher.java:49)
Caused by: org.springframework.beans.factory.BeanCreationException: Error creating bean with name 'org.springframework.transaction.annotation.ProxyTransactionManagementConfiguration': Initialization of bean failed; nested exception is org.springframework.beans.factory.NoSuchBeanDefinitionException: No bean named 'org.springframework.context.annotation.ConfigurationClassPostProcessor.importRegistry' available
	at org.springframework.beans.factory.support.AbstractAutowireCapableBeanFactory.doCreateBean(AbstractAutowireCapableBeanFactory.java:603)
	at org.springframework.beans.factory.support.AbstractAutowireCapableBeanFactory.createBean(AbstractAutowireCapableBeanFactory.java:517)
	at org.springframework.beans.factory.support.AbstractBeanFactory.lambda$doGetBean$0(AbstractBeanFactory.java:323)
	at org.springframework.beans.factory.support.DefaultSingletonBeanRegistry.getSingleton(DefaultSingletonBeanRegistry.java:226)
	at org.springframework.beans.factory.support.AbstractBeanFactory.doGetBean(AbstractBeanFactory.java:321)
	at org.springframework.beans.factory.support.AbstractBeanFactory.getBean(AbstractBeanFactory.java:202)
	at org.springframework.beans.factory.support.ConstructorResolver.instantiateUsingFactoryMethod(ConstructorResolver.java:409)
	at org.springframework.beans.factory.support.AbstractAutowireCapableBeanFactory.instantiateUsingFactoryMethod(AbstractAutowireCapableBeanFactory.java:1338)
	at org.springframework.beans.factory.support.AbstractAutowireCapableBeanFactory.createBeanInstance(AbstractAutowireCapableBeanFactory.java:1177)
	at org.springframework.beans.factory.support.AbstractAutowireCapableBeanFactory.doCreateBean(AbstractAutowireCapableBeanFactory.java:557)
	at org.springframework.beans.factory.support.AbstractAutowireCapableBeanFactory.createBean(AbstractAutowireCapableBeanFactory.java:517)
	at org.springframework.beans.factory.support.AbstractBeanFactory.lambda$doGetBean$0(AbstractBeanFactory.java:323)
	at org.springframework.beans.factory.support.DefaultSingletonBeanRegistry.getSingleton(DefaultSingletonBeanRegistry.java:226)
	at org.springframework.beans.factory.support.AbstractBeanFactory.doGetBean(AbstractBeanFactory.java:321)
	at org.springframework.beans.factory.support.AbstractBeanFactory.getBean(AbstractBeanFactory.java:207)
	at org.springframework.aop.framework.autoproxy.BeanFactoryAdvisorRetrievalHelper.findAdvisorBeans(BeanFactoryAdvisorRetrievalHelper.java:91)
	at org.springframework.aop.framework.autoproxy.AbstractAdvisorAutoProxyCreator.findCandidateAdvisors(AbstractAdvisorAutoProxyCreator.java:109)
	at org.springframework.aop.framework.autoproxy.AbstractAdvisorAutoProxyCreator.findEligibleAdvisors(AbstractAdvisorAutoProxyCreator.java:94)
	at org.springframework.aop.framework.autoproxy.AbstractAdvisorAutoProxyCreator.getAdvicesAndAdvisorsForBean(AbstractAdvisorAutoProxyCreator.java:76)
	at org.springframework.aop.framework.autoproxy.AbstractAutoProxyCreator.wrapIfNecessary(AbstractAutoProxyCreator.java:347)
	at org.springframework.aop.framework.autoproxy.AbstractAutoProxyCreator.postProcessAfterInitialization(AbstractAutoProxyCreator.java:299)
	at org.springframework.beans.factory.support.AbstractAutowireCapableBeanFactory.applyBeanPostProcessorsAfterInitialization(AbstractAutowireCapableBeanFactory.java:431)
	at org.springframework.beans.factory.support.AbstractAutowireCapableBeanFactory.initializeBean(AbstractAutowireCapableBeanFactory.java:1800)
	at org.springframework.beans.factory.support.AbstractAutowireCapableBeanFactory.doCreateBean(AbstractAutowireCapableBeanFactory.java:595)
	... 24 common frames omitted
Caused by: org.springframework.beans.factory.NoSuchBeanDefinitionException: No bean named 'org.springframework.context.annotation.ConfigurationClassPostProcessor.importRegistry' available
	at org.springframework.beans.factory.support.DefaultListableBeanFactory.getBeanDefinition(DefaultListableBeanFactory.java:814)
	at org.springframework.beans.factory.support.AbstractBeanFactory.getMergedLocalBeanDefinition(AbstractBeanFactory.java:1282)
	at org.springframework.beans.factory.support.AbstractBeanFactory.doGetBean(AbstractBeanFactory.java:297)
	at org.springframework.beans.factory.support.AbstractBeanFactory.getBean(AbstractBeanFactory.java:207)
	at org.springframework.context.annotation.ConfigurationClassPostProcessor$ImportAwareBeanPostProcessor.postProcessBeforeInitialization(ConfigurationClassPostProcessor.java:456)
	at org.springframework.beans.factory.support.AbstractAutowireCapableBeanFactory.applyBeanPostProcessorsBeforeInitialization(AbstractAutowireCapableBeanFactory.java:416)
	at org.springframework.beans.factory.support.AbstractAutowireCapableBeanFactory.initializeBean(AbstractAutowireCapableBeanFactory.java:1788)
	at org.springframework.beans.factory.support.AbstractAutowireCapableBeanFactory.doCreateBean(AbstractAutowireCapableBeanFactory.java:595)
	... 47 common frames omitted

2020-06-16 16:02:51.203  WARN 17796 --- [restartedMain] c.d.r.filter.FilterSecurityInterceptor   : Could not validate configuration attributes as the SecurityMetadataSource did not return any attributes from getAllConfigAttributes()
2020-06-16 16:03:22.588  WARN 17796 --- [restartedMain] c.d.r.filter.FilterSecurityInterceptor   : Could not validate configuration attributes as the SecurityMetadataSource did not return any attributes from getAllConfigAttributes()
2020-06-16 16:04:59.609  WARN 18396 --- [restartedMain] c.d.r.filter.FilterSecurityInterceptor   : Could not validate configuration attributes as the SecurityMetadataSource did not return any attributes from getAllConfigAttributes()
2020-06-16 16:06:09.711  WARN 13484 --- [restartedMain] c.d.r.filter.FilterSecurityInterceptor   : Could not validate configuration attributes as the SecurityMetadataSource did not return any attributes from getAllConfigAttributes()
2020-06-16 16:08:46.260  WARN 13484 --- [restartedMain] c.d.r.filter.FilterSecurityInterceptor   : Could not validate configuration attributes as the SecurityMetadataSource did not return any attributes from getAllConfigAttributes()
2020-06-16 16:08:46.350  WARN 13484 --- [restartedMain] ConfigServletWebServerApplicationContext : Exception encountered during context initialization - cancelling refresh attempt: org.springframework.beans.factory.UnsatisfiedDependencyException: Error creating bean with name 'blogController': Unsatisfied dependency expressed through field 'thymeleafService'; nested exception is org.springframework.beans.factory.NoSuchBeanDefinitionException: No qualifying bean of type 'com.dmatek.record.services.ThymeleafService' available: expected at least 1 bean which qualifies as autowire candidate. Dependency annotations: {@org.springframework.beans.factory.annotation.Autowired(required=true)}
2020-06-16 16:08:46.518  WARN 13484 --- [restartedMain] o.s.boot.SpringApplication               : Unable to close ApplicationContext

org.springframework.beans.factory.BeanCreationException: Error creating bean with name 'delegatingApplicationListener' defined in class path resource [org/springframework/security/config/annotation/web/configuration/WebSecurityConfiguration.class]: Initialization of bean failed; nested exception is org.springframework.beans.factory.BeanCreationException: Error creating bean with name 'org.springframework.transaction.annotation.ProxyTransactionManagementConfiguration': Initialization of bean failed; nested exception is org.springframework.beans.factory.NoSuchBeanDefinitionException: No bean named 'org.springframework.context.annotation.ConfigurationClassPostProcessor.importRegistry' available
	at org.springframework.beans.factory.support.AbstractAutowireCapableBeanFactory.doCreateBean(AbstractAutowireCapableBeanFactory.java:603)
	at org.springframework.beans.factory.support.AbstractAutowireCapableBeanFactory.createBean(AbstractAutowireCapableBeanFactory.java:517)
	at org.springframework.beans.factory.support.AbstractBeanFactory.lambda$doGetBean$0(AbstractBeanFactory.java:323)
	at org.springframework.beans.factory.support.DefaultSingletonBeanRegistry.getSingleton(DefaultSingletonBeanRegistry.java:226)
	at org.springframework.beans.factory.support.AbstractBeanFactory.doGetBean(AbstractBeanFactory.java:321)
	at org.springframework.beans.factory.support.AbstractBeanFactory.getBean(AbstractBeanFactory.java:207)
	at org.springframework.context.event.AbstractApplicationEventMulticaster.retrieveApplicationListeners(AbstractApplicationEventMulticaster.java:245)
	at org.springframework.context.event.AbstractApplicationEventMulticaster.getApplicationListeners(AbstractApplicationEventMulticaster.java:197)
	at org.springframework.context.event.SimpleApplicationEventMulticaster.multicastEvent(SimpleApplicationEventMulticaster.java:134)
	at org.springframework.context.support.AbstractApplicationContext.publishEvent(AbstractApplicationContext.java:403)
	at org.springframework.context.support.AbstractApplicationContext.publishEvent(AbstractApplicationContext.java:360)
	at org.springframework.boot.availability.AvailabilityChangeEvent.publish(AvailabilityChangeEvent.java:81)
	at org.springframework.boot.availability.AvailabilityChangeEvent.publish(AvailabilityChangeEvent.java:67)
	at org.springframework.boot.web.servlet.context.ServletWebServerApplicationContext.doClose(ServletWebServerApplicationContext.java:167)
	at org.springframework.context.support.AbstractApplicationContext.close(AbstractApplicationContext.java:978)
	at org.springframework.boot.SpringApplication.handleRunFailure(SpringApplication.java:814)
	at org.springframework.boot.SpringApplication.run(SpringApplication.java:325)
	at org.springframework.boot.SpringApplication.run(SpringApplication.java:1237)
	at org.springframework.boot.SpringApplication.run(SpringApplication.java:1226)
	at com.dmatek.record.RecordApplication.main(RecordApplication.java:22)
	at sun.reflect.NativeMethodAccessorImpl.invoke0(Native Method)
	at sun.reflect.NativeMethodAccessorImpl.invoke(NativeMethodAccessorImpl.java:62)
	at sun.reflect.DelegatingMethodAccessorImpl.invoke(DelegatingMethodAccessorImpl.java:43)
	at java.lang.reflect.Method.invoke(Method.java:498)
	at org.springframework.boot.devtools.restart.RestartLauncher.run(RestartLauncher.java:49)
Caused by: org.springframework.beans.factory.BeanCreationException: Error creating bean with name 'org.springframework.transaction.annotation.ProxyTransactionManagementConfiguration': Initialization of bean failed; nested exception is org.springframework.beans.factory.NoSuchBeanDefinitionException: No bean named 'org.springframework.context.annotation.ConfigurationClassPostProcessor.importRegistry' available
	at org.springframework.beans.factory.support.AbstractAutowireCapableBeanFactory.doCreateBean(AbstractAutowireCapableBeanFactory.java:603)
	at org.springframework.beans.factory.support.AbstractAutowireCapableBeanFactory.createBean(AbstractAutowireCapableBeanFactory.java:517)
	at org.springframework.beans.factory.support.AbstractBeanFactory.lambda$doGetBean$0(AbstractBeanFactory.java:323)
	at org.springframework.beans.factory.support.DefaultSingletonBeanRegistry.getSingleton(DefaultSingletonBeanRegistry.java:226)
	at org.springframework.beans.factory.support.AbstractBeanFactory.doGetBean(AbstractBeanFactory.java:321)
	at org.springframework.beans.factory.support.AbstractBeanFactory.getBean(AbstractBeanFactory.java:202)
	at org.springframework.beans.factory.support.ConstructorResolver.instantiateUsingFactoryMethod(ConstructorResolver.java:409)
	at org.springframework.beans.factory.support.AbstractAutowireCapableBeanFactory.instantiateUsingFactoryMethod(AbstractAutowireCapableBeanFactory.java:1338)
	at org.springframework.beans.factory.support.AbstractAutowireCapableBeanFactory.createBeanInstance(AbstractAutowireCapableBeanFactory.java:1177)
	at org.springframework.beans.factory.support.AbstractAutowireCapableBeanFactory.doCreateBean(AbstractAutowireCapableBeanFactory.java:557)
	at org.springframework.beans.factory.support.AbstractAutowireCapableBeanFactory.createBean(AbstractAutowireCapableBeanFactory.java:517)
	at org.springframework.beans.factory.support.AbstractBeanFactory.lambda$doGetBean$0(AbstractBeanFactory.java:323)
	at org.springframework.beans.factory.support.DefaultSingletonBeanRegistry.getSingleton(DefaultSingletonBeanRegistry.java:226)
	at org.springframework.beans.factory.support.AbstractBeanFactory.doGetBean(AbstractBeanFactory.java:321)
	at org.springframework.beans.factory.support.AbstractBeanFactory.getBean(AbstractBeanFactory.java:207)
	at org.springframework.aop.framework.autoproxy.BeanFactoryAdvisorRetrievalHelper.findAdvisorBeans(BeanFactoryAdvisorRetrievalHelper.java:91)
	at org.springframework.aop.framework.autoproxy.AbstractAdvisorAutoProxyCreator.findCandidateAdvisors(AbstractAdvisorAutoProxyCreator.java:109)
	at org.springframework.aop.framework.autoproxy.AbstractAdvisorAutoProxyCreator.findEligibleAdvisors(AbstractAdvisorAutoProxyCreator.java:94)
	at org.springframework.aop.framework.autoproxy.AbstractAdvisorAutoProxyCreator.getAdvicesAndAdvisorsForBean(AbstractAdvisorAutoProxyCreator.java:76)
	at org.springframework.aop.framework.autoproxy.AbstractAutoProxyCreator.wrapIfNecessary(AbstractAutoProxyCreator.java:347)
	at org.springframework.aop.framework.autoproxy.AbstractAutoProxyCreator.postProcessAfterInitialization(AbstractAutoProxyCreator.java:299)
	at org.springframework.beans.factory.support.AbstractAutowireCapableBeanFactory.applyBeanPostProcessorsAfterInitialization(AbstractAutowireCapableBeanFactory.java:431)
	at org.springframework.beans.factory.support.AbstractAutowireCapableBeanFactory.initializeBean(AbstractAutowireCapableBeanFactory.java:1800)
	at org.springframework.beans.factory.support.AbstractAutowireCapableBeanFactory.doCreateBean(AbstractAutowireCapableBeanFactory.java:595)
	... 24 common frames omitted
Caused by: org.springframework.beans.factory.NoSuchBeanDefinitionException: No bean named 'org.springframework.context.annotation.ConfigurationClassPostProcessor.importRegistry' available
	at org.springframework.beans.factory.support.DefaultListableBeanFactory.getBeanDefinition(DefaultListableBeanFactory.java:814)
	at org.springframework.beans.factory.support.AbstractBeanFactory.getMergedLocalBeanDefinition(AbstractBeanFactory.java:1282)
	at org.springframework.beans.factory.support.AbstractBeanFactory.doGetBean(AbstractBeanFactory.java:297)
	at org.springframework.beans.factory.support.AbstractBeanFactory.getBean(AbstractBeanFactory.java:207)
	at org.springframework.context.annotation.ConfigurationClassPostProcessor$ImportAwareBeanPostProcessor.postProcessBeforeInitialization(ConfigurationClassPostProcessor.java:456)
	at org.springframework.beans.factory.support.AbstractAutowireCapableBeanFactory.applyBeanPostProcessorsBeforeInitialization(AbstractAutowireCapableBeanFactory.java:416)
	at org.springframework.beans.factory.support.AbstractAutowireCapableBeanFactory.initializeBean(AbstractAutowireCapableBeanFactory.java:1788)
	at org.springframework.beans.factory.support.AbstractAutowireCapableBeanFactory.doCreateBean(AbstractAutowireCapableBeanFactory.java:595)
	... 47 common frames omitted

2020-06-16 16:10:04.693  WARN 13484 --- [restartedMain] c.d.r.filter.FilterSecurityInterceptor   : Could not validate configuration attributes as the SecurityMetadataSource did not return any attributes from getAllConfigAttributes()
2020-06-16 16:11:29.868  WARN 13484 --- [restartedMain] c.d.r.filter.FilterSecurityInterceptor   : Could not validate configuration attributes as the SecurityMetadataSource did not return any attributes from getAllConfigAttributes()
2020-06-16 16:11:54.511  WARN 13484 --- [restartedMain] c.d.r.filter.FilterSecurityInterceptor   : Could not validate configuration attributes as the SecurityMetadataSource did not return any attributes from getAllConfigAttributes()
2020-06-16 16:14:06.736  WARN 17460 --- [restartedMain] c.d.r.filter.FilterSecurityInterceptor   : Could not validate configuration attributes as the SecurityMetadataSource did not return any attributes from getAllConfigAttributes()
2020-06-16 16:14:13.580  WARN 17460 --- [restartedMain] c.d.r.filter.FilterSecurityInterceptor   : Could not validate configuration attributes as the SecurityMetadataSource did not return any attributes from getAllConfigAttributes()
2020-06-16 16:14:24.020  WARN 17460 --- [restartedMain] c.d.r.filter.FilterSecurityInterceptor   : Could not validate configuration attributes as the SecurityMetadataSource did not return any attributes from getAllConfigAttributes()
2020-06-16 16:14:37.526  WARN 12212 --- [restartedMain] c.d.r.filter.FilterSecurityInterceptor   : Could not validate configuration attributes as the SecurityMetadataSource did not return any attributes from getAllConfigAttributes()
2020-06-16 16:16:31.992  WARN 17976 --- [restartedMain] c.d.r.filter.FilterSecurityInterceptor   : Could not validate configuration attributes as the SecurityMetadataSource did not return any attributes from getAllConfigAttributes()
2020-06-16 16:34:49.612  WARN 17868 --- [restartedMain] c.d.r.filter.FilterSecurityInterceptor   : Could not validate configuration attributes as the SecurityMetadataSource did not return any attributes from getAllConfigAttributes()
2020-06-16 16:38:55.226  WARN 18244 --- [restartedMain] c.d.r.filter.FilterSecurityInterceptor   : Could not validate configuration attributes as the SecurityMetadataSource did not return any attributes from getAllConfigAttributes()
2020-06-16 16:40:28.858  WARN 12852 --- [restartedMain] c.d.r.filter.FilterSecurityInterceptor   : Could not validate configuration attributes as the SecurityMetadataSource did not return any attributes from getAllConfigAttributes()
2020-06-16 16:42:58.658  WARN 17472 --- [restartedMain] c.d.r.filter.FilterSecurityInterceptor   : Could not validate configuration attributes as the SecurityMetadataSource did not return any attributes from getAllConfigAttributes()
2020-06-16 16:43:28.816  WARN 17484 --- [restartedMain] c.d.r.filter.FilterSecurityInterceptor   : Could not validate configuration attributes as the SecurityMetadataSource did not return any attributes from getAllConfigAttributes()
2020-06-16 16:46:10.037  WARN 17552 --- [restartedMain] c.d.r.filter.FilterSecurityInterceptor   : Could not validate configuration attributes as the SecurityMetadataSource did not return any attributes from getAllConfigAttributes()
2020-06-16 16:47:01.124  WARN 18092 --- [restartedMain] c.d.r.filter.FilterSecurityInterceptor   : Could not validate configuration attributes as the SecurityMetadataSource did not return any attributes from getAllConfigAttributes()
2020-06-16 16:47:33.054  WARN 17680 --- [restartedMain] c.d.r.filter.FilterSecurityInterceptor   : Could not validate configuration attributes as the SecurityMetadataSource did not return any attributes from getAllConfigAttributes()
2020-06-16 16:48:50.288  WARN 18332 --- [restartedMain] c.d.r.filter.FilterSecurityInterceptor   : Could not validate configuration attributes as the SecurityMetadataSource did not return any attributes from getAllConfigAttributes()
2020-06-16 16:51:36.100  WARN 18012 --- [restartedMain] c.d.r.filter.FilterSecurityInterceptor   : Could not validate configuration attributes as the SecurityMetadataSource did not return any attributes from getAllConfigAttributes()
2020-06-16 16:53:15.894  WARN 18204 --- [restartedMain] c.d.r.filter.FilterSecurityInterceptor   : Could not validate configuration attributes as the SecurityMetadataSource did not return any attributes from getAllConfigAttributes()
2020-06-16 16:56:39.318  WARN 19300 --- [restartedMain] c.d.r.filter.FilterSecurityInterceptor   : Could not validate configuration attributes as the SecurityMetadataSource did not return any attributes from getAllConfigAttributes()
2020-06-16 16:58:03.845  WARN 4680 --- [restartedMain] c.d.r.filter.FilterSecurityInterceptor   : Could not validate configuration attributes as the SecurityMetadataSource did not return any attributes from getAllConfigAttributes()
2020-06-16 16:59:27.474  WARN 4680 --- [restartedMain] c.d.r.filter.FilterSecurityInterceptor   : Could not validate configuration attributes as the SecurityMetadataSource did not return any attributes from getAllConfigAttributes()
2020-06-16 16:59:43.144  WARN 4680 --- [restartedMain] c.d.r.filter.FilterSecurityInterceptor   : Could not validate configuration attributes as the SecurityMetadataSource did not return any attributes from getAllConfigAttributes()
2020-06-16 17:00:01.180  WARN 4680 --- [restartedMain] c.d.r.filter.FilterSecurityInterceptor   : Could not validate configuration attributes as the SecurityMetadataSource did not return any attributes from getAllConfigAttributes()
2020-06-16 17:00:25.469  WARN 13400 --- [restartedMain] c.d.r.filter.FilterSecurityInterceptor   : Could not validate configuration attributes as the SecurityMetadataSource did not return any attributes from getAllConfigAttributes()
2020-06-16 17:00:52.104  WARN 18716 --- [restartedMain] c.d.r.filter.FilterSecurityInterceptor   : Could not validate configuration attributes as the SecurityMetadataSource did not return any attributes from getAllConfigAttributes()
2020-06-16 17:02:40.988  WARN 18716 --- [restartedMain] c.d.r.filter.FilterSecurityInterceptor   : Could not validate configuration attributes as the SecurityMetadataSource did not return any attributes from getAllConfigAttributes()
2020-06-16 17:04:35.505  WARN 18716 --- [restartedMain] c.d.r.filter.FilterSecurityInterceptor   : Could not validate configuration attributes as the SecurityMetadataSource did not return any attributes from getAllConfigAttributes()
2020-06-16 17:07:27.755  WARN 18716 --- [restartedMain] c.d.r.filter.FilterSecurityInterceptor   : Could not validate configuration attributes as the SecurityMetadataSource did not return any attributes from getAllConfigAttributes()
2020-06-16 17:07:47.371  WARN 18716 --- [restartedMain] c.d.r.filter.FilterSecurityInterceptor   : Could not validate configuration attributes as the SecurityMetadataSource did not return any attributes from getAllConfigAttributes()
2020-06-16 17:08:22.006  WARN 18716 --- [restartedMain] c.d.r.filter.FilterSecurityInterceptor   : Could not validate configuration attributes as the SecurityMetadataSource did not return any attributes from getAllConfigAttributes()
2020-06-16 17:14:30.862  WARN 16452 --- [restartedMain] c.d.r.filter.FilterSecurityInterceptor   : Could not validate configuration attributes as the SecurityMetadataSource did not return any attributes from getAllConfigAttributes()
2020-06-16 17:16:48.673  WARN 16452 --- [restartedMain] c.d.r.filter.FilterSecurityInterceptor   : Could not validate configuration attributes as the SecurityMetadataSource did not return any attributes from getAllConfigAttributes()
2020-06-16 17:17:41.193  WARN 16452 --- [restartedMain] c.d.r.filter.FilterSecurityInterceptor   : Could not validate configuration attributes as the SecurityMetadataSource did not return any attributes from getAllConfigAttributes()
2020-06-16 17:18:03.413  WARN 18796 --- [restartedMain] c.d.r.filter.FilterSecurityInterceptor   : Could not validate configuration attributes as the SecurityMetadataSource did not return any attributes from getAllConfigAttributes()
2020-06-16 17:28:26.899  WARN 17776 --- [restartedMain] c.d.r.filter.FilterSecurityInterceptor   : Could not validate configuration attributes as the SecurityMetadataSource did not return any attributes from getAllConfigAttributes()
2020-06-16 17:37:52.972  WARN 17776 --- [restartedMain] c.d.r.filter.FilterSecurityInterceptor   : Could not validate configuration attributes as the SecurityMetadataSource did not return any attributes from getAllConfigAttributes()
2020-06-16 17:40:27.925  WARN 17776 --- [restartedMain] c.d.r.filter.FilterSecurityInterceptor   : Could not validate configuration attributes as the SecurityMetadataSource did not return any attributes from getAllConfigAttributes()
2020-06-16 17:57:26.691  WARN 17776 --- [restartedMain] c.d.r.filter.FilterSecurityInterceptor   : Could not validate configuration attributes as the SecurityMetadataSource did not return any attributes from getAllConfigAttributes()
2020-06-16 17:58:22.218  WARN 17776 --- [restartedMain] c.d.r.filter.FilterSecurityInterceptor   : Could not validate configuration attributes as the SecurityMetadataSource did not return any attributes from getAllConfigAttributes()
2020-06-16 17:59:21.710  WARN 4624 --- [restartedMain] c.d.r.filter.FilterSecurityInterceptor   : Could not validate configuration attributes as the SecurityMetadataSource did not return any attributes from getAllConfigAttributes()
2020-06-16 18:00:15.023  WARN 16540 --- [restartedMain] c.d.r.filter.FilterSecurityInterceptor   : Could not validate configuration attributes as the SecurityMetadataSource did not return any attributes from getAllConfigAttributes()
2020-06-16 18:00:40.976  WARN 16540 --- [restartedMain] c.d.r.filter.FilterSecurityInterceptor   : Could not validate configuration attributes as the SecurityMetadataSource did not return any attributes from getAllConfigAttributes()
2020-06-16 18:01:38.346  WARN 16540 --- [restartedMain] c.d.r.filter.FilterSecurityInterceptor   : Could not validate configuration attributes as the SecurityMetadataSource did not return any attributes from getAllConfigAttributes()
2020-06-16 18:01:48.160  WARN 16540 --- [restartedMain] c.d.r.filter.FilterSecurityInterceptor   : Could not validate configuration attributes as the SecurityMetadataSource did not return any attributes from getAllConfigAttributes()
