2020-06-12 09:20:17.410 ERROR 14452 --- [https-jsse-nio-443-exec-4] c.d.r.services.impl.FileServiceImpl      : file read exception(FileNotFoundException)
2020-06-12 09:20:17.941 ERROR 14452 --- [https-jsse-nio-443-exec-5] c.d.r.services.impl.FileServiceImpl      : file read exception(FileNotFoundException)
2020-06-12 09:20:37.635 ERROR 14452 --- [https-jsse-nio-443-exec-6] c.d.r.services.impl.FileServiceImpl      : file read exception(FileNotFoundException)
2020-06-12 09:20:39.648 ERROR 14452 --- [https-jsse-nio-443-exec-10] c.d.r.services.impl.FileServiceImpl      : file read exception(FileNotFoundException)
2020-06-12 09:20:40.776 ERROR 14452 --- [https-jsse-nio-443-exec-4] c.d.r.services.impl.FileServiceImpl      : file read exception(FileNotFoundException)
2020-06-12 09:20:41.886 ERROR 14452 --- [https-jsse-nio-443-exec-5] c.d.r.services.impl.FileServiceImpl      : file read exception(FileNotFoundException)
2020-06-12 09:20:43.018 ERROR 14452 --- [https-jsse-nio-443-exec-8] c.d.r.services.impl.FileServiceImpl      : file read exception(FileNotFoundException)
2020-06-12 09:20:44.269 ERROR 14452 --- [https-jsse-nio-443-exec-2] c.d.r.services.impl.FileServiceImpl      : file read exception(FileNotFoundException)
2020-06-12 09:20:45.372 ERROR 14452 --- [https-jsse-nio-443-exec-9] c.d.r.services.impl.FileServiceImpl      : file read exception(FileNotFoundException)
2020-06-12 09:20:46.406 ERROR 14452 --- [https-jsse-nio-443-exec-2] c.d.r.services.impl.FileServiceImpl      : file read exception(FileNotFoundException)
2020-06-12 09:20:47.330 ERROR 14452 --- [https-jsse-nio-443-exec-9] c.d.r.services.impl.FileServiceImpl      : file read exception(FileNotFoundException)
2020-06-12 09:20:49.030 ERROR 14452 --- [https-jsse-nio-443-exec-7] c.d.r.services.impl.FileServiceImpl      : file read exception(FileNotFoundException)
2020-06-12 09:20:50.178 ERROR 14452 --- [https-jsse-nio-443-exec-1] c.d.r.services.impl.FileServiceImpl      : file read exception(FileNotFoundException)
2020-06-12 09:20:51.742 ERROR 14452 --- [https-jsse-nio-443-exec-6] c.d.r.services.impl.FileServiceImpl      : file read exception(FileNotFoundException)
2020-06-12 11:09:16.806 ERROR 8504 --- [https-jsse-nio-443-exec-1] o.a.c.c.C.[.[.[/].[dispatcherServlet]    : Servlet.service() for servlet [dispatcherServlet] in context with path [] threw exception

org.springframework.security.web.firewall.RequestRejectedException: The request was rejected because the URL contained a potentially malicious String "//"
	at org.springframework.security.web.firewall.StrictHttpFirewall.rejectedBlacklistedUrls(StrictHttpFirewall.java:369)
	at org.springframework.security.web.firewall.StrictHttpFirewall.getFirewalledRequest(StrictHttpFirewall.java:336)
	at org.springframework.security.web.FilterChainProxy.doFilterInternal(FilterChainProxy.java:194)
	at org.springframework.security.web.FilterChainProxy.doFilter(FilterChainProxy.java:178)
	at org.springframework.web.filter.DelegatingFilterProxy.invokeDelegate(DelegatingFilterProxy.java:358)
	at org.springframework.web.filter.DelegatingFilterProxy.doFilter(DelegatingFilterProxy.java:271)
	at org.apache.catalina.core.ApplicationFilterChain.internalDoFilter(ApplicationFilterChain.java:193)
	at org.apache.catalina.core.ApplicationFilterChain.doFilter(ApplicationFilterChain.java:166)
	at org.springframework.web.filter.RequestContextFilter.doFilterInternal(RequestContextFilter.java:100)
	at org.springframework.web.filter.OncePerRequestFilter.doFilter(OncePerRequestFilter.java:119)
	at org.apache.catalina.core.ApplicationFilterChain.internalDoFilter(ApplicationFilterChain.java:193)
	at org.apache.catalina.core.ApplicationFilterChain.doFilter(ApplicationFilterChain.java:166)
	at org.springframework.web.filter.FormContentFilter.doFilterInternal(FormContentFilter.java:93)
	at org.springframework.web.filter.OncePerRequestFilter.doFilter(OncePerRequestFilter.java:119)
	at org.apache.catalina.core.ApplicationFilterChain.internalDoFilter(ApplicationFilterChain.java:193)
	at org.apache.catalina.core.ApplicationFilterChain.doFilter(ApplicationFilterChain.java:166)
	at org.springframework.web.filter.CharacterEncodingFilter.doFilterInternal(CharacterEncodingFilter.java:201)
	at org.springframework.web.filter.OncePerRequestFilter.doFilter(OncePerRequestFilter.java:119)
	at org.apache.catalina.core.ApplicationFilterChain.internalDoFilter(ApplicationFilterChain.java:193)
	at org.apache.catalina.core.ApplicationFilterChain.doFilter(ApplicationFilterChain.java:166)
	at org.apache.catalina.core.StandardWrapperValve.invoke(StandardWrapperValve.java:202)
	at org.apache.catalina.core.StandardContextValve.invoke(StandardContextValve.java:96)
	at org.apache.catalina.authenticator.AuthenticatorBase.invoke(AuthenticatorBase.java:541)
	at org.apache.catalina.core.StandardHostValve.invoke(StandardHostValve.java:139)
	at org.apache.catalina.valves.ErrorReportValve.invoke(ErrorReportValve.java:92)
	at org.apache.catalina.core.StandardEngineValve.invoke(StandardEngineValve.java:74)
	at org.apache.catalina.connector.CoyoteAdapter.service(CoyoteAdapter.java:343)
	at org.apache.coyote.http11.Http11Processor.service(Http11Processor.java:373)
	at org.apache.coyote.AbstractProcessorLight.process(AbstractProcessorLight.java:65)
	at org.apache.coyote.AbstractProtocol$ConnectionHandler.process(AbstractProtocol.java:868)
	at org.apache.tomcat.util.net.NioEndpoint$SocketProcessor.doRun(NioEndpoint.java:1590)
	at org.apache.tomcat.util.net.SocketProcessorBase.run(SocketProcessorBase.java:49)
	at java.util.concurrent.ThreadPoolExecutor.runWorker(ThreadPoolExecutor.java:1142)
	at java.util.concurrent.ThreadPoolExecutor$Worker.run(ThreadPoolExecutor.java:617)
	at org.apache.tomcat.util.threads.TaskThread$WrappingRunnable.run(TaskThread.java:61)
	at java.lang.Thread.run(Thread.java:745)

